<?xml version="1.0" encoding="UTF-8"?>
<!-- Generated by org.testng.reporters.JUnitXMLReporter -->
<testsuite hostname="DESKTOP-KH6GACJ" ignored="7" name="Surefire test" tests="1" failures="0" timestamp="09 Sep 2018 13:40:21 GMT" time="20.629" errors="0">
  <testcase name="clickonSignoutlink" time="10.858" classname="com.amazon.qa.tests.HomePageTest"/>
  <testcase name="clickonSigninlink" time="0.0" classname="com.amazon.qa.tests.HomePageTest">
    <ignored/>
  </testcase> <!-- clickonSigninlink -->
  <testcase name="verifyPageTitle" time="0.0" classname="com.amazon.qa.tests.HomePageTest">
    <ignored/>
  </testcase> <!-- verifyPageTitle -->
  <testcase name="clickonYourOrderslink" time="0.0" classname="com.amazon.qa.tests.HomePageTest">
    <ignored/>
  </testcase> <!-- clickonYourOrderslink -->
  <testcase name="clickonYourwishlistlink" time="0.0" classname="com.amazon.qa.tests.HomePageTest">
    <ignored/>
  </testcase> <!-- clickonYourwishlistlink -->
  <testcase name="clickonYourAmazonlink" time="0.0" classname="com.amazon.qa.tests.HomePageTest">
    <ignored/>
  </testcase> <!-- clickonYourAmazonlink -->
  <testcase name="clickonDeliverylink" time="0.0" classname="com.amazon.qa.tests.HomePageTest">
    <ignored/>
  </testcase> <!-- clickonDeliverylink -->
  <testcase name="clickonSigninbtn" time="0.0" classname="com.amazon.qa.tests.HomePageTest">
    <ignored/>
  </testcase> <!-- clickonSigninbtn -->
</testsuite> <!-- Surefire test -->
