<?xml version="1.0" encoding="UTF-8"?>
<!-- Generated by org.testng.reporters.JUnitXMLReporter -->
<testsuite hostname="DESKTOP-KH6GACJ" ignored="5" name="Default test" tests="1" failures="0" timestamp="04 Sep 2018 14:39:02 GMT" time="12.663" errors="0">
  <testcase name="clickonForgotPasswordlink" time="0.861" classname="com.amazon.qa.tests.SigninPageTest"/>
  <testcase name="Signinwithmobilenumber" time="0.0" classname="com.amazon.qa.tests.SigninPageTest">
    <ignored/>
  </testcase> <!-- Signinwithmobilenumber -->
  <testcase name="clickonSigninissueslink" time="0.0" classname="com.amazon.qa.tests.SigninPageTest">
    <ignored/>
  </testcase> <!-- clickonSigninissueslink -->
  <testcase name="validatemobilenumberErrormessage" time="0.0" classname="com.amazon.qa.tests.SigninPageTest">
    <ignored/>
  </testcase> <!-- validatemobilenumberErrormessage -->
  <testcase name="validateEmailerrormessage" time="0.0" classname="com.amazon.qa.tests.SigninPageTest">
    <ignored/>
  </testcase> <!-- validateEmailerrormessage -->
  <testcase name="verifyPagetitle" time="0.0" classname="com.amazon.qa.tests.SigninPageTest">
    <ignored/>
  </testcase> <!-- verifyPagetitle -->
</testsuite> <!-- Default test -->
