<?xml version="1.0" encoding="UTF-8"?>
<!-- Generated by org.testng.reporters.JUnitXMLReporter -->
<testsuite hostname="DESKTOP-KH6GACJ" ignored="0" name="Default test" tests="8" failures="0" timestamp="09 Sep 2018 13:52:15 GMT" time="170.092" errors="0">
  <testcase name="clickonSigninbtn" time="15.593" classname="com.amazon.qa.tests.HomePageTest"/>
  <testcase name="clickonSigninlink" time="0.775" classname="com.amazon.qa.tests.HomePageTest"/>
  <testcase name="clickonSignoutlink" time="17.648" classname="com.amazon.qa.tests.HomePageTest"/>
  <testcase name="clickonYourAmazonlink" time="0.004" classname="com.amazon.qa.tests.HomePageTest"/>
  <testcase name="clickonYourOrderslink" time="10.908" classname="com.amazon.qa.tests.HomePageTest"/>
  <testcase name="clickonYourwishlistlink" time="20.542" classname="com.amazon.qa.tests.HomePageTest"/>
  <testcase name="verifyPageTitle" time="0.053" classname="com.amazon.qa.tests.HomePageTest"/>
  <testcase name="clickonDeliverylink" time="5.092" classname="com.amazon.qa.tests.HomePageTest"/>
</testsuite> <!-- Default test -->
