<?xml version="1.0" encoding="UTF-8"?>
<!-- Generated by org.testng.reporters.JUnitXMLReporter -->
<testsuite hostname="DESKTOP-KH6GACJ" ignored="0" name="Test" tests="7" failures="1" timestamp="04 Sep 2018 16:31:20 GMT" time="87.409" errors="0">
  <testcase name="Signinwithmobilenumber" time="6.242" classname="com.amazon.qa.tests.SigninPageTest"/>
  <testcase name="clickonChangelink" time="1.931" classname="com.amazon.qa.tests.SigninPageTest"/>
  <testcase name="clickonForgotPasswordlink" time="0.745" classname="com.amazon.qa.tests.SigninPageTest"/>
  <testcase name="clickonSigninissueslink" time="1.656" classname="com.amazon.qa.tests.SigninPageTest"/>
  <testcase name="validateEmailerrormessage" time="0.405" classname="com.amazon.qa.tests.SigninPageTest">
    <failure type="java.lang.AssertionError" message="expected [Enter your email or mobile phone number] but found []">
      <![CDATA[java.lang.AssertionError: expected [Enter your email or mobile phone number] but found []
at com.amazon.qa.tests.SigninPageTest.validateEmailerrormessage(SigninPageTest.java:31)
... Removed 31 stack frames]]>
    </failure>
  </testcase> <!-- validateEmailerrormessage -->
  <testcase name="validatemobilenumberErrormessage" time="1.328" classname="com.amazon.qa.tests.SigninPageTest"/>
  <testcase name="verifyPagetitle" time="0.068" classname="com.amazon.qa.tests.SigninPageTest"/>
</testsuite> <!-- Test -->
