<?xml version="1.0" encoding="UTF-8"?>
<testng-results skipped="0" failed="0" ignored="7" total="8" passed="1">
  <reporter-output>
  </reporter-output>
  <suite name="Default suite" duration-ms="13007" started-at="2018-09-04T16:50:14Z" finished-at="2018-09-04T16:50:27Z">
    <groups>
    </groups>
    <test name="Default test" duration-ms="13007" started-at="2018-09-04T16:50:14Z" finished-at="2018-09-04T16:50:27Z">
      <class name="com.amazon.qa.tests.SigninPageTest">
        <test-method status="PASS" signature="setup()[pri:0, instance:com.amazon.qa.tests.SigninPageTest@73ad2d6]" name="setup" is-config="true" duration-ms="11802" started-at="2018-09-04T16:50:14Z" finished-at="2018-09-04T16:50:26Z">
          <reporter-output>
          </reporter-output>
        </test-method> <!-- setup -->
        <test-method status="PASS" signature="clickonConditionsofuselink()[pri:0, instance:com.amazon.qa.tests.SigninPageTest@73ad2d6]" name="clickonConditionsofuselink" duration-ms="201" started-at="2018-09-04T16:50:26Z" finished-at="2018-09-04T16:50:26Z">
          <reporter-output>
          </reporter-output>
        </test-method> <!-- clickonConditionsofuselink -->
        <test-method status="PASS" signature="tearDown()[pri:0, instance:com.amazon.qa.tests.SigninPageTest@73ad2d6]" name="tearDown" is-config="true" duration-ms="954" started-at="2018-09-04T16:50:26Z" finished-at="2018-09-04T16:50:27Z">
          <reporter-output>
          </reporter-output>
        </test-method> <!-- tearDown -->
      </class> <!-- com.amazon.qa.tests.SigninPageTest -->
    </test> <!-- Default test -->
  </suite> <!-- Default suite -->
</testng-results>
