<?xml version="1.0" encoding="UTF-8"?>
<testng-results skipped="0" failed="0" ignored="0" total="8" passed="8">
  <reporter-output>
  </reporter-output>
  <suite name="Default suite" duration-ms="170092" started-at="2018-09-09T13:49:25Z" finished-at="2018-09-09T13:52:15Z">
    <groups>
    </groups>
    <test name="Default test" duration-ms="170092" started-at="2018-09-09T13:49:25Z" finished-at="2018-09-09T13:52:15Z">
      <class name="com.amazon.qa.tests.HomePageTest">
        <test-method status="PASS" signature="setup()[pri:0, instance:com.amazon.qa.tests.HomePageTest@59ec2012]" name="setup" is-config="true" duration-ms="13321" started-at="2018-09-09T13:49:25Z" finished-at="2018-09-09T13:49:39Z">
          <reporter-output>
          </reporter-output>
        </test-method> <!-- setup -->
        <test-method status="PASS" signature="clickonSigninbtn()[pri:0, instance:com.amazon.qa.tests.HomePageTest@59ec2012]" name="clickonSigninbtn" duration-ms="15593" started-at="2018-09-09T13:49:39Z" finished-at="2018-09-09T13:49:54Z">
          <reporter-output>
          </reporter-output>
        </test-method> <!-- clickonSigninbtn -->
        <test-method status="PASS" signature="tearDown()[pri:0, instance:com.amazon.qa.tests.HomePageTest@59ec2012]" name="tearDown" is-config="true" duration-ms="798" started-at="2018-09-09T13:49:54Z" finished-at="2018-09-09T13:49:55Z">
          <reporter-output>
          </reporter-output>
        </test-method> <!-- tearDown -->
        <test-method status="PASS" signature="setup()[pri:0, instance:com.amazon.qa.tests.HomePageTest@59ec2012]" name="setup" is-config="true" duration-ms="8473" started-at="2018-09-09T13:49:55Z" finished-at="2018-09-09T13:50:04Z">
          <reporter-output>
          </reporter-output>
        </test-method> <!-- setup -->
        <test-method status="PASS" signature="clickonSigninlink()[pri:0, instance:com.amazon.qa.tests.HomePageTest@59ec2012]" name="clickonSigninlink" duration-ms="775" started-at="2018-09-09T13:50:04Z" finished-at="2018-09-09T13:50:04Z">
          <reporter-output>
          </reporter-output>
        </test-method> <!-- clickonSigninlink -->
        <test-method status="PASS" signature="tearDown()[pri:0, instance:com.amazon.qa.tests.HomePageTest@59ec2012]" name="tearDown" is-config="true" duration-ms="780" started-at="2018-09-09T13:50:04Z" finished-at="2018-09-09T13:50:05Z">
          <reporter-output>
          </reporter-output>
        </test-method> <!-- tearDown -->
        <test-method status="PASS" signature="setup()[pri:0, instance:com.amazon.qa.tests.HomePageTest@59ec2012]" name="setup" is-config="true" duration-ms="15091" started-at="2018-09-09T13:50:05Z" finished-at="2018-09-09T13:50:20Z">
          <reporter-output>
          </reporter-output>
        </test-method> <!-- setup -->
        <test-method status="PASS" signature="clickonSignoutlink()[pri:0, instance:com.amazon.qa.tests.HomePageTest@59ec2012]" name="clickonSignoutlink" duration-ms="17648" started-at="2018-09-09T13:50:20Z" finished-at="2018-09-09T13:50:38Z">
          <reporter-output>
          </reporter-output>
        </test-method> <!-- clickonSignoutlink -->
        <test-method status="PASS" signature="tearDown()[pri:0, instance:com.amazon.qa.tests.HomePageTest@59ec2012]" name="tearDown" is-config="true" duration-ms="812" started-at="2018-09-09T13:50:38Z" finished-at="2018-09-09T13:50:39Z">
          <reporter-output>
          </reporter-output>
        </test-method> <!-- tearDown -->
        <test-method status="PASS" signature="setup()[pri:0, instance:com.amazon.qa.tests.HomePageTest@59ec2012]" name="setup" is-config="true" duration-ms="13844" started-at="2018-09-09T13:50:39Z" finished-at="2018-09-09T13:50:53Z">
          <reporter-output>
          </reporter-output>
        </test-method> <!-- setup -->
        <test-method status="PASS" signature="clickonYourAmazonlink()[pri:0, instance:com.amazon.qa.tests.HomePageTest@59ec2012]" name="clickonYourAmazonlink" duration-ms="4" started-at="2018-09-09T13:50:53Z" finished-at="2018-09-09T13:50:53Z">
          <reporter-output>
          </reporter-output>
        </test-method> <!-- clickonYourAmazonlink -->
        <test-method status="PASS" signature="tearDown()[pri:0, instance:com.amazon.qa.tests.HomePageTest@59ec2012]" name="tearDown" is-config="true" duration-ms="863" started-at="2018-09-09T13:50:53Z" finished-at="2018-09-09T13:50:53Z">
          <reporter-output>
          </reporter-output>
        </test-method> <!-- tearDown -->
        <test-method status="PASS" signature="setup()[pri:0, instance:com.amazon.qa.tests.HomePageTest@59ec2012]" name="setup" is-config="true" duration-ms="10733" started-at="2018-09-09T13:50:53Z" finished-at="2018-09-09T13:51:04Z">
          <reporter-output>
          </reporter-output>
        </test-method> <!-- setup -->
        <test-method status="PASS" signature="clickonYourOrderslink()[pri:0, instance:com.amazon.qa.tests.HomePageTest@59ec2012]" name="clickonYourOrderslink" duration-ms="10908" started-at="2018-09-09T13:51:04Z" finished-at="2018-09-09T13:51:15Z">
          <reporter-output>
          </reporter-output>
        </test-method> <!-- clickonYourOrderslink -->
        <test-method status="PASS" signature="tearDown()[pri:0, instance:com.amazon.qa.tests.HomePageTest@59ec2012]" name="tearDown" is-config="true" duration-ms="772" started-at="2018-09-09T13:51:15Z" finished-at="2018-09-09T13:51:16Z">
          <reporter-output>
          </reporter-output>
        </test-method> <!-- tearDown -->
        <test-method status="PASS" signature="setup()[pri:0, instance:com.amazon.qa.tests.HomePageTest@59ec2012]" name="setup" is-config="true" duration-ms="10401" started-at="2018-09-09T13:51:16Z" finished-at="2018-09-09T13:51:26Z">
          <reporter-output>
          </reporter-output>
        </test-method> <!-- setup -->
        <test-method status="PASS" signature="clickonYourwishlistlink()[pri:0, instance:com.amazon.qa.tests.HomePageTest@59ec2012]" name="clickonYourwishlistlink" duration-ms="20542" started-at="2018-09-09T13:51:26Z" finished-at="2018-09-09T13:51:47Z">
          <reporter-output>
          </reporter-output>
        </test-method> <!-- clickonYourwishlistlink -->
        <test-method status="PASS" signature="tearDown()[pri:0, instance:com.amazon.qa.tests.HomePageTest@59ec2012]" name="tearDown" is-config="true" duration-ms="791" started-at="2018-09-09T13:51:47Z" finished-at="2018-09-09T13:51:48Z">
          <reporter-output>
          </reporter-output>
        </test-method> <!-- tearDown -->
        <test-method status="PASS" signature="setup()[pri:0, instance:com.amazon.qa.tests.HomePageTest@59ec2012]" name="setup" is-config="true" duration-ms="10606" started-at="2018-09-09T13:51:48Z" finished-at="2018-09-09T13:51:58Z">
          <reporter-output>
          </reporter-output>
        </test-method> <!-- setup -->
        <test-method status="PASS" signature="verifyPageTitle()[pri:1, instance:com.amazon.qa.tests.HomePageTest@59ec2012]" name="verifyPageTitle" duration-ms="53" started-at="2018-09-09T13:51:58Z" finished-at="2018-09-09T13:51:58Z">
          <reporter-output>
          </reporter-output>
        </test-method> <!-- verifyPageTitle -->
        <test-method status="PASS" signature="tearDown()[pri:0, instance:com.amazon.qa.tests.HomePageTest@59ec2012]" name="tearDown" is-config="true" duration-ms="731" started-at="2018-09-09T13:51:58Z" finished-at="2018-09-09T13:51:59Z">
          <reporter-output>
          </reporter-output>
        </test-method> <!-- tearDown -->
        <test-method status="PASS" signature="setup()[pri:0, instance:com.amazon.qa.tests.HomePageTest@59ec2012]" name="setup" is-config="true" duration-ms="10620" started-at="2018-09-09T13:51:59Z" finished-at="2018-09-09T13:52:10Z">
          <reporter-output>
          </reporter-output>
        </test-method> <!-- setup -->
        <test-method status="PASS" signature="clickonDeliverylink()[pri:2, instance:com.amazon.qa.tests.HomePageTest@59ec2012]" name="clickonDeliverylink" duration-ms="5092" started-at="2018-09-09T13:52:10Z" finished-at="2018-09-09T13:52:15Z">
          <reporter-output>
          </reporter-output>
        </test-method> <!-- clickonDeliverylink -->
        <test-method status="PASS" signature="tearDown()[pri:0, instance:com.amazon.qa.tests.HomePageTest@59ec2012]" name="tearDown" is-config="true" duration-ms="778" started-at="2018-09-09T13:52:15Z" finished-at="2018-09-09T13:52:15Z">
          <reporter-output>
          </reporter-output>
        </test-method> <!-- tearDown -->
      </class> <!-- com.amazon.qa.tests.HomePageTest -->
    </test> <!-- Default test -->
  </suite> <!-- Default suite -->
</testng-results>
